info: socket.io started
debug: client authorized
info: handshake authorized eFfQAouZ0LA4HspTmVmW
debug: setting request GET /socket.io/1/websocket/eFfQAouZ0LA4HspTmVmW
debug: set heartbeat interval for client eFfQAouZ0LA4HspTmVmW
debug: client authorized for 
debug: websocket writing 1::
Got connection
Counting 1
debug: websocket writing 5:::{"name":"counter","args":[{"val":1}]}
Counting 2
debug: websocket writing 5:::{"name":"counter","args":[{"val":2}]}
Counting 3
debug: websocket writing 5:::{"name":"counter","args":[{"val":3}]}
info: transport end (undefined)
debug: set close timeout for client eFfQAouZ0LA4HspTmVmW
debug: cleared close timeout for client eFfQAouZ0LA4HspTmVmW
debug: cleared heartbeat interval for client eFfQAouZ0LA4HspTmVmW
debug: discarding transport
debug: served static content /socket.io.js
Counting 4
debug: client authorized
info: handshake authorized 5O5h7eMPFOlJrbjRmVmX
debug: setting request GET /socket.io/1/websocket/5O5h7eMPFOlJrbjRmVmX
debug: set heartbeat interval for client 5O5h7eMPFOlJrbjRmVmX
debug: client authorized for 
debug: websocket writing 1::
Got connection
debug: client authorized
info: handshake authorized 7eP9Z9ZHkD8JnIBhmVmY
debug: setting request GET /socket.io/1/websocket/7eP9Z9ZHkD8JnIBhmVmY
debug: set heartbeat interval for client 7eP9Z9ZHkD8JnIBhmVmY
debug: client authorized for 
debug: websocket writing 1::
Got connection
Counting 1
Counting 2
debug: websocket writing 5:::{"name":"counter","args":[{"val":2}]}
Counting 3
debug: websocket writing 5:::{"name":"counter","args":[{"val":3}]}
Counting 4
Counting 5
debug: websocket writing 5:::{"name":"counter","args":[{"val":5}]}
Counting 6
debug: websocket writing 5:::{"name":"counter","args":[{"val":6}]}
Counting 7
Counting 8
debug: websocket writing 5:::{"name":"counter","args":[{"val":8}]}
Counting 9
debug: websocket writing 5:::{"name":"counter","args":[{"val":9}]}
Counting 10
Counting 11
debug: websocket writing 5:::{"name":"counter","args":[{"val":11}]}
Counting 12
debug: websocket writing 5:::{"name":"counter","args":[{"val":12}]}
Counting 13
Counting 14
debug: websocket writing 5:::{"name":"counter","args":[{"val":14}]}
Counting 15
debug: websocket writing 5:::{"name":"counter","args":[{"val":15}]}
Counting 16
Counting 17
debug: websocket writing 5:::{"name":"counter","args":[{"val":17}]}
Counting 18
debug: websocket writing 5:::{"name":"counter","args":[{"val":18}]}
Counting 19
Counting 20
debug: websocket writing 5:::{"name":"counter","args":[{"val":20}]}
Counting 21
debug: websocket writing 5:::{"name":"counter","args":[{"val":21}]}
Counting 22
Counting 23
debug: websocket writing 5:::{"name":"counter","args":[{"val":23}]}
Counting 24
debug: websocket writing 5:::{"name":"counter","args":[{"val":24}]}
Counting 25
Counting 26
debug: websocket writing 5:::{"name":"counter","args":[{"val":26}]}
Counting 27
debug: websocket writing 5:::{"name":"counter","args":[{"val":27}]}
Counting 28
Counting 29
debug: websocket writing 5:::{"name":"counter","args":[{"val":29}]}
Counting 30
debug: websocket writing 5:::{"name":"counter","args":[{"val":30}]}
Counting 31
Counting 32
debug: websocket writing 5:::{"name":"counter","args":[{"val":32}]}
Counting 33
debug: websocket writing 5:::{"name":"counter","args":[{"val":33}]}
Counting 34
Counting 35
debug: websocket writing 5:::{"name":"counter","args":[{"val":35}]}
Counting 36
debug: websocket writing 5:::{"name":"counter","args":[{"val":36}]}
Counting 37
Counting 38
debug: websocket writing 5:::{"name":"counter","args":[{"val":38}]}
Counting 39
debug: websocket writing 5:::{"name":"counter","args":[{"val":39}]}
Counting 40
Counting 41
debug: websocket writing 5:::{"name":"counter","args":[{"val":41}]}
Counting 42
debug: websocket writing 5:::{"name":"counter","args":[{"val":42}]}
Counting 43
Counting 44
debug: websocket writing 5:::{"name":"counter","args":[{"val":44}]}
Counting 45
debug: websocket writing 5:::{"name":"counter","args":[{"val":45}]}
Counting 46
Counting 47
debug: websocket writing 5:::{"name":"counter","args":[{"val":47}]}
Counting 48
debug: websocket writing 5:::{"name":"counter","args":[{"val":48}]}
Counting 49
Counting 50
debug: websocket writing 5:::{"name":"counter","args":[{"val":50}]}
Counting 51
debug: websocket writing 5:::{"name":"counter","args":[{"val":51}]}
Counting 52
Counting 53
debug: websocket writing 5:::{"name":"counter","args":[{"val":53}]}
Counting 54
debug: websocket writing 5:::{"name":"counter","args":[{"val":54}]}
Counting 55
Counting 56
debug: websocket writing 5:::{"name":"counter","args":[{"val":56}]}
Counting 57
debug: websocket writing 5:::{"name":"counter","args":[{"val":57}]}
Counting 58
Counting 59
debug: websocket writing 5:::{"name":"counter","args":[{"val":59}]}
Counting 60
debug: websocket writing 5:::{"name":"counter","args":[{"val":60}]}
Counting 61
Counting 62
debug: websocket writing 5:::{"name":"counter","args":[{"val":62}]}
Counting 63
debug: websocket writing 5:::{"name":"counter","args":[{"val":63}]}
Counting 64
Counting 65
debug: websocket writing 5:::{"name":"counter","args":[{"val":65}]}
Counting 66
debug: websocket writing 5:::{"name":"counter","args":[{"val":66}]}
Counting 67
Counting 68
debug: websocket writing 5:::{"name":"counter","args":[{"val":68}]}
Counting 69
debug: websocket writing 5:::{"name":"counter","args":[{"val":69}]}
Counting 70
Counting 71
debug: websocket writing 5:::{"name":"counter","args":[{"val":71}]}
Counting 72
debug: websocket writing 5:::{"name":"counter","args":[{"val":72}]}
Counting 73
Counting 74
debug: websocket writing 5:::{"name":"counter","args":[{"val":74}]}
Counting 75
debug: websocket writing 5:::{"name":"counter","args":[{"val":75}]}
Counting 76
Counting 77
debug: websocket writing 5:::{"name":"counter","args":[{"val":77}]}
Counting 78
debug: websocket writing 5:::{"name":"counter","args":[{"val":78}]}
Counting 79
Counting 80
debug: websocket writing 5:::{"name":"counter","args":[{"val":80}]}
Counting 81
debug: websocket writing 5:::{"name":"counter","args":[{"val":81}]}
Counting 82
Counting 83
debug: websocket writing 5:::{"name":"counter","args":[{"val":83}]}
Counting 84
debug: websocket writing 5:::{"name":"counter","args":[{"val":84}]}
Counting 85
Counting 86
debug: websocket writing 5:::{"name":"counter","args":[{"val":86}]}
Counting 87
debug: websocket writing 5:::{"name":"counter","args":[{"val":87}]}
Counting 88
Counting 89
debug: websocket writing 5:::{"name":"counter","args":[{"val":89}]}
Counting 90
debug: websocket writing 5:::{"name":"counter","args":[{"val":90}]}
Counting 91
Counting 92
debug: websocket writing 5:::{"name":"counter","args":[{"val":92}]}
Counting 93
debug: websocket writing 5:::{"name":"counter","args":[{"val":93}]}
Counting 94
Counting 95
debug: websocket writing 5:::{"name":"counter","args":[{"val":95}]}
Counting 96
debug: websocket writing 5:::{"name":"counter","args":[{"val":96}]}
Counting 97
Counting 98
debug: websocket writing 5:::{"name":"counter","args":[{"val":98}]}
Counting 99
debug: websocket writing 5:::{"name":"counter","args":[{"val":99}]}
Counting 100
Counting 101
debug: websocket writing 5:::{"name":"counter","args":[{"val":101}]}
Counting 102
debug: websocket writing 5:::{"name":"counter","args":[{"val":102}]}
Counting 103
Counting 104
debug: websocket writing 5:::{"name":"counter","args":[{"val":104}]}
Counting 105
debug: websocket writing 5:::{"name":"counter","args":[{"val":105}]}
Counting 106
Counting 107
debug: websocket writing 5:::{"name":"counter","args":[{"val":107}]}
Counting 108
debug: websocket writing 5:::{"name":"counter","args":[{"val":108}]}
Counting 109
Counting 110
debug: websocket writing 5:::{"name":"counter","args":[{"val":110}]}
Counting 111
debug: websocket writing 5:::{"name":"counter","args":[{"val":111}]}
Counting 112
Counting 113
debug: websocket writing 5:::{"name":"counter","args":[{"val":113}]}
Counting 114
debug: websocket writing 5:::{"name":"counter","args":[{"val":114}]}
Counting 115
Counting 116
debug: websocket writing 5:::{"name":"counter","args":[{"val":116}]}
Counting 117
debug: websocket writing 5:::{"name":"counter","args":[{"val":117}]}
Counting 118
Counting 119
debug: websocket writing 5:::{"name":"counter","args":[{"val":119}]}
Counting 120
debug: websocket writing 5:::{"name":"counter","args":[{"val":120}]}
Counting 121
Counting 122
debug: websocket writing 5:::{"name":"counter","args":[{"val":122}]}
Counting 123
debug: websocket writing 5:::{"name":"counter","args":[{"val":123}]}
Counting 124
Counting 125
debug: websocket writing 5:::{"name":"counter","args":[{"val":125}]}
Counting 126
debug: websocket writing 5:::{"name":"counter","args":[{"val":126}]}
Counting 127
Counting 128
debug: websocket writing 5:::{"name":"counter","args":[{"val":128}]}
Counting 129
debug: websocket writing 5:::{"name":"counter","args":[{"val":129}]}
Counting 130
Counting 131
debug: websocket writing 5:::{"name":"counter","args":[{"val":131}]}
Counting 132
debug: websocket writing 5:::{"name":"counter","args":[{"val":132}]}
Counting 133
Counting 134
debug: websocket writing 5:::{"name":"counter","args":[{"val":134}]}
Counting 135
debug: websocket writing 5:::{"name":"counter","args":[{"val":135}]}
Counting 136
Counting 137
debug: websocket writing 5:::{"name":"counter","args":[{"val":137}]}
Counting 138
debug: websocket writing 5:::{"name":"counter","args":[{"val":138}]}
Counting 139
Counting 140
debug: websocket writing 5:::{"name":"counter","args":[{"val":140}]}
Counting 141
debug: websocket writing 5:::{"name":"counter","args":[{"val":141}]}
Counting 142
Counting 143
debug: websocket writing 5:::{"name":"counter","args":[{"val":143}]}
Counting 144
debug: websocket writing 5:::{"name":"counter","args":[{"val":144}]}
Counting 145
Counting 146
debug: websocket writing 5:::{"name":"counter","args":[{"val":146}]}
Counting 147
debug: websocket writing 5:::{"name":"counter","args":[{"val":147}]}
debug: emitting heartbeat for client 5O5h7eMPFOlJrbjRmVmX
debug: websocket writing 2::
debug: set heartbeat timeout for client 5O5h7eMPFOlJrbjRmVmX
debug: got heartbeat packet
debug: cleared heartbeat timeout for client 5O5h7eMPFOlJrbjRmVmX
debug: set heartbeat interval for client 5O5h7eMPFOlJrbjRmVmX
Counting 148
Counting 149
debug: websocket writing 5:::{"name":"counter","args":[{"val":149}]}
debug: emitting heartbeat for client 7eP9Z9ZHkD8JnIBhmVmY
debug: websocket writing 2::
debug: set heartbeat timeout for client 7eP9Z9ZHkD8JnIBhmVmY
debug: got heartbeat packet
debug: cleared heartbeat timeout for client 7eP9Z9ZHkD8JnIBhmVmY
debug: set heartbeat interval for client 7eP9Z9ZHkD8JnIBhmVmY
Counting 150
debug: websocket writing 5:::{"name":"counter","args":[{"val":150}]}
Counting 151
Counting 152
debug: websocket writing 5:::{"name":"counter","args":[{"val":152}]}
Counting 153
debug: websocket writing 5:::{"name":"counter","args":[{"val":153}]}
Counting 154
Counting 155
debug: websocket writing 5:::{"name":"counter","args":[{"val":155}]}
Counting 156
debug: websocket writing 5:::{"name":"counter","args":[{"val":156}]}
Counting 157
Counting 158
debug: websocket writing 5:::{"name":"counter","args":[{"val":158}]}
Counting 159
debug: websocket writing 5:::{"name":"counter","args":[{"val":159}]}
Counting 160
Counting 161
debug: websocket writing 5:::{"name":"counter","args":[{"val":161}]}
Counting 162
debug: websocket writing 5:::{"name":"counter","args":[{"val":162}]}
Counting 163
Counting 164
debug: websocket writing 5:::{"name":"counter","args":[{"val":164}]}
Counting 165
debug: websocket writing 5:::{"name":"counter","args":[{"val":165}]}
Counting 166
Counting 167
debug: websocket writing 5:::{"name":"counter","args":[{"val":167}]}
Counting 168
debug: websocket writing 5:::{"name":"counter","args":[{"val":168}]}
Counting 169
Counting 170
debug: websocket writing 5:::{"name":"counter","args":[{"val":170}]}
Counting 171
debug: websocket writing 5:::{"name":"counter","args":[{"val":171}]}
Counting 172
Counting 173
debug: websocket writing 5:::{"name":"counter","args":[{"val":173}]}
Counting 174
debug: websocket writing 5:::{"name":"counter","args":[{"val":174}]}
Counting 175
Counting 176
debug: websocket writing 5:::{"name":"counter","args":[{"val":176}]}
Counting 177
debug: websocket writing 5:::{"name":"counter","args":[{"val":177}]}
Counting 178
Counting 179
debug: websocket writing 5:::{"name":"counter","args":[{"val":179}]}
Counting 180
debug: websocket writing 5:::{"name":"counter","args":[{"val":180}]}
Counting 181
Counting 182
debug: websocket writing 5:::{"name":"counter","args":[{"val":182}]}
Counting 183
debug: websocket writing 5:::{"name":"counter","args":[{"val":183}]}
Counting 184
Counting 185
debug: websocket writing 5:::{"name":"counter","args":[{"val":185}]}
Counting 186
debug: websocket writing 5:::{"name":"counter","args":[{"val":186}]}
Counting 187
Counting 188
debug: websocket writing 5:::{"name":"counter","args":[{"val":188}]}
Counting 189
debug: websocket writing 5:::{"name":"counter","args":[{"val":189}]}
Counting 190
Counting 191
debug: websocket writing 5:::{"name":"counter","args":[{"val":191}]}
Counting 192
debug: websocket writing 5:::{"name":"counter","args":[{"val":192}]}
Counting 193
Counting 194
debug: websocket writing 5:::{"name":"counter","args":[{"val":194}]}
Counting 195
debug: websocket writing 5:::{"name":"counter","args":[{"val":195}]}
Counting 196
Counting 197
debug: websocket writing 5:::{"name":"counter","args":[{"val":197}]}
Counting 198
debug: websocket writing 5:::{"name":"counter","args":[{"val":198}]}
Counting 199
Counting 200
debug: websocket writing 5:::{"name":"counter","args":[{"val":200}]}
Counting 201
debug: websocket writing 5:::{"name":"counter","args":[{"val":201}]}
Counting 202
Counting 203
debug: websocket writing 5:::{"name":"counter","args":[{"val":203}]}
Counting 204
debug: websocket writing 5:::{"name":"counter","args":[{"val":204}]}
Counting 205
Counting 206
debug: websocket writing 5:::{"name":"counter","args":[{"val":206}]}
Counting 207
debug: websocket writing 5:::{"name":"counter","args":[{"val":207}]}
Counting 208
Counting 209
debug: websocket writing 5:::{"name":"counter","args":[{"val":209}]}
Counting 210
debug: websocket writing 5:::{"name":"counter","args":[{"val":210}]}
Counting 211
Counting 212
debug: websocket writing 5:::{"name":"counter","args":[{"val":212}]}
Counting 213
debug: websocket writing 5:::{"name":"counter","args":[{"val":213}]}
Counting 214
Counting 215
debug: websocket writing 5:::{"name":"counter","args":[{"val":215}]}
Counting 216
debug: websocket writing 5:::{"name":"counter","args":[{"val":216}]}
Counting 217
Counting 218
debug: websocket writing 5:::{"name":"counter","args":[{"val":218}]}
Counting 219
debug: websocket writing 5:::{"name":"counter","args":[{"val":219}]}
Counting 220
Counting 221
debug: websocket writing 5:::{"name":"counter","args":[{"val":221}]}
Counting 222
debug: websocket writing 5:::{"name":"counter","args":[{"val":222}]}
Counting 223
Counting 224
debug: websocket writing 5:::{"name":"counter","args":[{"val":224}]}
Counting 225
debug: websocket writing 5:::{"name":"counter","args":[{"val":225}]}
Counting 226
Counting 227
debug: websocket writing 5:::{"name":"counter","args":[{"val":227}]}
Counting 228
debug: websocket writing 5:::{"name":"counter","args":[{"val":228}]}
Counting 229
Counting 230
debug: websocket writing 5:::{"name":"counter","args":[{"val":230}]}
Counting 231
debug: websocket writing 5:::{"name":"counter","args":[{"val":231}]}
Counting 232
Counting 233
debug: websocket writing 5:::{"name":"counter","args":[{"val":233}]}
Counting 234
debug: websocket writing 5:::{"name":"counter","args":[{"val":234}]}
Counting 235
Counting 236
debug: websocket writing 5:::{"name":"counter","args":[{"val":236}]}
Counting 237
debug: websocket writing 5:::{"name":"counter","args":[{"val":237}]}
Counting 238
Counting 239
debug: websocket writing 5:::{"name":"counter","args":[{"val":239}]}
Counting 240
debug: websocket writing 5:::{"name":"counter","args":[{"val":240}]}
Counting 241
Counting 242
debug: websocket writing 5:::{"name":"counter","args":[{"val":242}]}
Counting 243
debug: websocket writing 5:::{"name":"counter","args":[{"val":243}]}
Counting 244
Counting 245
debug: websocket writing 5:::{"name":"counter","args":[{"val":245}]}
Counting 246
debug: websocket writing 5:::{"name":"counter","args":[{"val":246}]}
Counting 247
Counting 248
debug: websocket writing 5:::{"name":"counter","args":[{"val":248}]}
Counting 249
debug: websocket writing 5:::{"name":"counter","args":[{"val":249}]}
Counting 250
Counting 251
debug: websocket writing 5:::{"name":"counter","args":[{"val":251}]}
Counting 252
debug: websocket writing 5:::{"name":"counter","args":[{"val":252}]}
Counting 253
Counting 254
debug: websocket writing 5:::{"name":"counter","args":[{"val":254}]}
Counting 255
debug: websocket writing 5:::{"name":"counter","args":[{"val":255}]}
Counting 256
Counting 257
debug: websocket writing 5:::{"name":"counter","args":[{"val":257}]}
Counting 258
debug: websocket writing 5:::{"name":"counter","args":[{"val":258}]}
Counting 259
Counting 260
debug: websocket writing 5:::{"name":"counter","args":[{"val":260}]}
Counting 261
debug: websocket writing 5:::{"name":"counter","args":[{"val":261}]}
Counting 262
Counting 263
debug: websocket writing 5:::{"name":"counter","args":[{"val":263}]}
Counting 264
debug: websocket writing 5:::{"name":"counter","args":[{"val":264}]}
Counting 265
Counting 266
debug: websocket writing 5:::{"name":"counter","args":[{"val":266}]}
Counting 267
debug: websocket writing 5:::{"name":"counter","args":[{"val":267}]}
Counting 268
Counting 269
debug: websocket writing 5:::{"name":"counter","args":[{"val":269}]}
Counting 270
debug: websocket writing 5:::{"name":"counter","args":[{"val":270}]}
Counting 271
Counting 272
debug: websocket writing 5:::{"name":"counter","args":[{"val":272}]}
Counting 273
debug: websocket writing 5:::{"name":"counter","args":[{"val":273}]}
Counting 274
Counting 275
debug: websocket writing 5:::{"name":"counter","args":[{"val":275}]}
Counting 276
debug: websocket writing 5:::{"name":"counter","args":[{"val":276}]}
Counting 277
Counting 278
debug: websocket writing 5:::{"name":"counter","args":[{"val":278}]}
Counting 279
debug: websocket writing 5:::{"name":"counter","args":[{"val":279}]}
Counting 280
Counting 281
debug: websocket writing 5:::{"name":"counter","args":[{"val":281}]}
Counting 282
debug: websocket writing 5:::{"name":"counter","args":[{"val":282}]}
Counting 283
Counting 284
debug: websocket writing 5:::{"name":"counter","args":[{"val":284}]}
Counting 285
debug: websocket writing 5:::{"name":"counter","args":[{"val":285}]}
Counting 286
Counting 287
debug: websocket writing 5:::{"name":"counter","args":[{"val":287}]}
Counting 288
debug: websocket writing 5:::{"name":"counter","args":[{"val":288}]}
Counting 289
Counting 290
debug: websocket writing 5:::{"name":"counter","args":[{"val":290}]}
Counting 291
debug: websocket writing 5:::{"name":"counter","args":[{"val":291}]}
Counting 292
Counting 293
debug: websocket writing 5:::{"name":"counter","args":[{"val":293}]}
Counting 294
debug: websocket writing 5:::{"name":"counter","args":[{"val":294}]}
Counting 295
Counting 296
debug: websocket writing 5:::{"name":"counter","args":[{"val":296}]}
debug: emitting heartbeat for client 5O5h7eMPFOlJrbjRmVmX
debug: websocket writing 2::
debug: set heartbeat timeout for client 5O5h7eMPFOlJrbjRmVmX
debug: got heartbeat packet
debug: cleared heartbeat timeout for client 5O5h7eMPFOlJrbjRmVmX
debug: set heartbeat interval for client 5O5h7eMPFOlJrbjRmVmX
debug: emitting heartbeat for client 7eP9Z9ZHkD8JnIBhmVmY
debug: websocket writing 2::
debug: set heartbeat timeout for client 7eP9Z9ZHkD8JnIBhmVmY
debug: got heartbeat packet
debug: cleared heartbeat timeout for client 7eP9Z9ZHkD8JnIBhmVmY
debug: set heartbeat interval for client 7eP9Z9ZHkD8JnIBhmVmY
Counting 297
debug: websocket writing 5:::{"name":"counter","args":[{"val":297}]}
Counting 298
Counting 299
debug: websocket writing 5:::{"name":"counter","args":[{"val":299}]}
Counting 300
debug: websocket writing 5:::{"name":"counter","args":[{"val":300}]}
Counting 301
Counting 302
debug: websocket writing 5:::{"name":"counter","args":[{"val":302}]}
Counting 303
debug: websocket writing 5:::{"name":"counter","args":[{"val":303}]}
Counting 304
Counting 305
debug: websocket writing 5:::{"name":"counter","args":[{"val":305}]}
Counting 306
debug: websocket writing 5:::{"name":"counter","args":[{"val":306}]}
Counting 307
Counting 308
debug: websocket writing 5:::{"name":"counter","args":[{"val":308}]}
Counting 309
debug: websocket writing 5:::{"name":"counter","args":[{"val":309}]}
Counting 310
Counting 311
debug: websocket writing 5:::{"name":"counter","args":[{"val":311}]}
Counting 312
debug: websocket writing 5:::{"name":"counter","args":[{"val":312}]}
Counting 313
Counting 314
debug: websocket writing 5:::{"name":"counter","args":[{"val":314}]}
Counting 315
debug: websocket writing 5:::{"name":"counter","args":[{"val":315}]}
Counting 316
Counting 317
debug: websocket writing 5:::{"name":"counter","args":[{"val":317}]}
Counting 318
debug: websocket writing 5:::{"name":"counter","args":[{"val":318}]}
Counting 319
Counting 320
debug: websocket writing 5:::{"name":"counter","args":[{"val":320}]}
Counting 321
debug: websocket writing 5:::{"name":"counter","args":[{"val":321}]}
Counting 322
Counting 323
debug: websocket writing 5:::{"name":"counter","args":[{"val":323}]}
Counting 324
debug: websocket writing 5:::{"name":"counter","args":[{"val":324}]}
Counting 325
Counting 326
debug: websocket writing 5:::{"name":"counter","args":[{"val":326}]}
Counting 327
debug: websocket writing 5:::{"name":"counter","args":[{"val":327}]}
Counting 328
Counting 329
debug: websocket writing 5:::{"name":"counter","args":[{"val":329}]}
Counting 330
debug: websocket writing 5:::{"name":"counter","args":[{"val":330}]}
Counting 331
Counting 332
debug: websocket writing 5:::{"name":"counter","args":[{"val":332}]}
Counting 333
debug: websocket writing 5:::{"name":"counter","args":[{"val":333}]}
Counting 334
Counting 335
debug: websocket writing 5:::{"name":"counter","args":[{"val":335}]}
Counting 336
debug: websocket writing 5:::{"name":"counter","args":[{"val":336}]}
Counting 337
Counting 338
debug: websocket writing 5:::{"name":"counter","args":[{"val":338}]}
Counting 339
debug: websocket writing 5:::{"name":"counter","args":[{"val":339}]}
Counting 340
Counting 341
debug: websocket writing 5:::{"name":"counter","args":[{"val":341}]}
Counting 342
debug: websocket writing 5:::{"name":"counter","args":[{"val":342}]}
Counting 343
Counting 344
debug: websocket writing 5:::{"name":"counter","args":[{"val":344}]}
Counting 345
debug: websocket writing 5:::{"name":"counter","args":[{"val":345}]}
Counting 346
Counting 347
debug: websocket writing 5:::{"name":"counter","args":[{"val":347}]}
Counting 348
debug: websocket writing 5:::{"name":"counter","args":[{"val":348}]}
Counting 349
Counting 350
debug: websocket writing 5:::{"name":"counter","args":[{"val":350}]}
Counting 351
debug: websocket writing 5:::{"name":"counter","args":[{"val":351}]}
Counting 352
Counting 353
debug: websocket writing 5:::{"name":"counter","args":[{"val":353}]}
Counting 354
debug: websocket writing 5:::{"name":"counter","args":[{"val":354}]}
Counting 355
Counting 356
debug: websocket writing 5:::{"name":"counter","args":[{"val":356}]}
Counting 357
debug: websocket writing 5:::{"name":"counter","args":[{"val":357}]}
Counting 358
Counting 359
debug: websocket writing 5:::{"name":"counter","args":[{"val":359}]}
Counting 360
debug: websocket writing 5:::{"name":"counter","args":[{"val":360}]}
Counting 361
Counting 362
debug: websocket writing 5:::{"name":"counter","args":[{"val":362}]}
Counting 363
debug: websocket writing 5:::{"name":"counter","args":[{"val":363}]}
Counting 364
Counting 365
debug: websocket writing 5:::{"name":"counter","args":[{"val":365}]}
Counting 366
debug: websocket writing 5:::{"name":"counter","args":[{"val":366}]}
Counting 367
Counting 368
debug: websocket writing 5:::{"name":"counter","args":[{"val":368}]}
Counting 369
debug: websocket writing 5:::{"name":"counter","args":[{"val":369}]}
Counting 370
Counting 371
debug: websocket writing 5:::{"name":"counter","args":[{"val":371}]}
Counting 372
debug: websocket writing 5:::{"name":"counter","args":[{"val":372}]}
Counting 373
Counting 374
debug: websocket writing 5:::{"name":"counter","args":[{"val":374}]}
Counting 375
debug: websocket writing 5:::{"name":"counter","args":[{"val":375}]}
Counting 376
Counting 377
debug: websocket writing 5:::{"name":"counter","args":[{"val":377}]}
Counting 378
debug: websocket writing 5:::{"name":"counter","args":[{"val":378}]}
Counting 379
Counting 380
debug: websocket writing 5:::{"name":"counter","args":[{"val":380}]}
Counting 381
debug: websocket writing 5:::{"name":"counter","args":[{"val":381}]}
Counting 382
Counting 383
debug: websocket writing 5:::{"name":"counter","args":[{"val":383}]}
Counting 384
debug: websocket writing 5:::{"name":"counter","args":[{"val":384}]}
Counting 385
Counting 386
debug: websocket writing 5:::{"name":"counter","args":[{"val":386}]}
Counting 387
debug: websocket writing 5:::{"name":"counter","args":[{"val":387}]}
Counting 388
Counting 389
debug: websocket writing 5:::{"name":"counter","args":[{"val":389}]}
Counting 390
debug: websocket writing 5:::{"name":"counter","args":[{"val":390}]}
Counting 391
Counting 392
debug: websocket writing 5:::{"name":"counter","args":[{"val":392}]}
Counting 393
debug: websocket writing 5:::{"name":"counter","args":[{"val":393}]}
Counting 394
Counting 395
debug: websocket writing 5:::{"name":"counter","args":[{"val":395}]}
Counting 396
debug: websocket writing 5:::{"name":"counter","args":[{"val":396}]}
Counting 397
Counting 398
debug: websocket writing 5:::{"name":"counter","args":[{"val":398}]}
Counting 399
debug: websocket writing 5:::{"name":"counter","args":[{"val":399}]}
Counting 400
Counting 401
debug: websocket writing 5:::{"name":"counter","args":[{"val":401}]}
Counting 402
debug: websocket writing 5:::{"name":"counter","args":[{"val":402}]}
Counting 403
Counting 404
debug: websocket writing 5:::{"name":"counter","args":[{"val":404}]}
Counting 405
debug: websocket writing 5:::{"name":"counter","args":[{"val":405}]}
Counting 406
Counting 407
debug: websocket writing 5:::{"name":"counter","args":[{"val":407}]}
Counting 408
debug: websocket writing 5:::{"name":"counter","args":[{"val":408}]}
Counting 409
Counting 410
debug: websocket writing 5:::{"name":"counter","args":[{"val":410}]}
Counting 411
debug: websocket writing 5:::{"name":"counter","args":[{"val":411}]}
Counting 412
Counting 413
debug: websocket writing 5:::{"name":"counter","args":[{"val":413}]}
Counting 414
debug: websocket writing 5:::{"name":"counter","args":[{"val":414}]}
Counting 415
Counting 416
debug: websocket writing 5:::{"name":"counter","args":[{"val":416}]}
Counting 417
debug: websocket writing 5:::{"name":"counter","args":[{"val":417}]}
Counting 418
Counting 419
debug: websocket writing 5:::{"name":"counter","args":[{"val":419}]}
Counting 420
debug: websocket writing 5:::{"name":"counter","args":[{"val":420}]}
Counting 421
Counting 422
debug: websocket writing 5:::{"name":"counter","args":[{"val":422}]}
Counting 423
debug: websocket writing 5:::{"name":"counter","args":[{"val":423}]}
Counting 424
Counting 425
debug: websocket writing 5:::{"name":"counter","args":[{"val":425}]}
Counting 426
debug: websocket writing 5:::{"name":"counter","args":[{"val":426}]}
Counting 427
Counting 428
debug: websocket writing 5:::{"name":"counter","args":[{"val":428}]}
Counting 429
debug: websocket writing 5:::{"name":"counter","args":[{"val":429}]}
Counting 430
Counting 431
debug: websocket writing 5:::{"name":"counter","args":[{"val":431}]}
Counting 432
debug: websocket writing 5:::{"name":"counter","args":[{"val":432}]}
Counting 433
Counting 434
debug: websocket writing 5:::{"name":"counter","args":[{"val":434}]}
Counting 435
debug: websocket writing 5:::{"name":"counter","args":[{"val":435}]}
Counting 436
Counting 437
debug: websocket writing 5:::{"name":"counter","args":[{"val":437}]}
Counting 438
debug: websocket writing 5:::{"name":"counter","args":[{"val":438}]}
Counting 439
Counting 440
debug: websocket writing 5:::{"name":"counter","args":[{"val":440}]}
Counting 441
debug: websocket writing 5:::{"name":"counter","args":[{"val":441}]}
Counting 442
Counting 443
debug: websocket writing 5:::{"name":"counter","args":[{"val":443}]}
Counting 444
debug: websocket writing 5:::{"name":"counter","args":[{"val":444}]}
Counting 445
Counting 446
debug: websocket writing 5:::{"name":"counter","args":[{"val":446}]}
debug: emitting heartbeat for client 5O5h7eMPFOlJrbjRmVmX
debug: websocket writing 2::
debug: set heartbeat timeout for client 5O5h7eMPFOlJrbjRmVmX
debug: got heartbeat packet
debug: cleared heartbeat timeout for client 5O5h7eMPFOlJrbjRmVmX
debug: set heartbeat interval for client 5O5h7eMPFOlJrbjRmVmX
debug: emitting heartbeat for client 7eP9Z9ZHkD8JnIBhmVmY
debug: websocket writing 2::
debug: set heartbeat timeout for client 7eP9Z9ZHkD8JnIBhmVmY
debug: got heartbeat packet
debug: cleared heartbeat timeout for client 7eP9Z9ZHkD8JnIBhmVmY
debug: set heartbeat interval for client 7eP9Z9ZHkD8JnIBhmVmY
Counting 447
debug: websocket writing 5:::{"name":"counter","args":[{"val":447}]}
Counting 448
Counting 449
debug: websocket writing 5:::{"name":"counter","args":[{"val":449}]}
Counting 450
debug: websocket writing 5:::{"name":"counter","args":[{"val":450}]}
Counting 451
Counting 452
debug: websocket writing 5:::{"name":"counter","args":[{"val":452}]}
Counting 453
debug: websocket writing 5:::{"name":"counter","args":[{"val":453}]}
Counting 454
Counting 455
debug: websocket writing 5:::{"name":"counter","args":[{"val":455}]}
Counting 456
debug: websocket writing 5:::{"name":"counter","args":[{"val":456}]}
Counting 457
Counting 458
debug: websocket writing 5:::{"name":"counter","args":[{"val":458}]}
Counting 459
debug: websocket writing 5:::{"name":"counter","args":[{"val":459}]}
Counting 460
Counting 461
debug: websocket writing 5:::{"name":"counter","args":[{"val":461}]}
Counting 462
debug: websocket writing 5:::{"name":"counter","args":[{"val":462}]}
Counting 463
Counting 464
debug: websocket writing 5:::{"name":"counter","args":[{"val":464}]}
Counting 465
debug: websocket writing 5:::{"name":"counter","args":[{"val":465}]}
Counting 466
Counting 467
debug: websocket writing 5:::{"name":"counter","args":[{"val":467}]}
Counting 468
debug: websocket writing 5:::{"name":"counter","args":[{"val":468}]}
Counting 469
Counting 470
debug: websocket writing 5:::{"name":"counter","args":[{"val":470}]}
Counting 471
debug: websocket writing 5:::{"name":"counter","args":[{"val":471}]}
Counting 472
Counting 473
debug: websocket writing 5:::{"name":"counter","args":[{"val":473}]}
Counting 474
debug: websocket writing 5:::{"name":"counter","args":[{"val":474}]}
Counting 475
Counting 476
debug: websocket writing 5:::{"name":"counter","args":[{"val":476}]}
Counting 477
debug: websocket writing 5:::{"name":"counter","args":[{"val":477}]}
Counting 478
Counting 479
debug: websocket writing 5:::{"name":"counter","args":[{"val":479}]}
Counting 480
debug: websocket writing 5:::{"name":"counter","args":[{"val":480}]}
Counting 481
Counting 482
debug: websocket writing 5:::{"name":"counter","args":[{"val":482}]}
Counting 483
debug: websocket writing 5:::{"name":"counter","args":[{"val":483}]}
Counting 484
Counting 485
debug: websocket writing 5:::{"name":"counter","args":[{"val":485}]}
Counting 486
debug: websocket writing 5:::{"name":"counter","args":[{"val":486}]}
Counting 487
Counting 488
debug: websocket writing 5:::{"name":"counter","args":[{"val":488}]}
Counting 489
debug: websocket writing 5:::{"name":"counter","args":[{"val":489}]}
Counting 490
Counting 491
debug: websocket writing 5:::{"name":"counter","args":[{"val":491}]}
Counting 492
debug: websocket writing 5:::{"name":"counter","args":[{"val":492}]}
Counting 493
Counting 494
debug: websocket writing 5:::{"name":"counter","args":[{"val":494}]}
Counting 495
debug: websocket writing 5:::{"name":"counter","args":[{"val":495}]}
Counting 496
Counting 497
debug: websocket writing 5:::{"name":"counter","args":[{"val":497}]}
Counting 498
debug: websocket writing 5:::{"name":"counter","args":[{"val":498}]}
Counting 499
Counting 500
debug: websocket writing 5:::{"name":"counter","args":[{"val":500}]}
Counting 501
debug: websocket writing 5:::{"name":"counter","args":[{"val":501}]}
Counting 502
Counting 503
debug: websocket writing 5:::{"name":"counter","args":[{"val":503}]}
Counting 504
debug: websocket writing 5:::{"name":"counter","args":[{"val":504}]}
Counting 505
Counting 506
debug: websocket writing 5:::{"name":"counter","args":[{"val":506}]}
Counting 507
debug: websocket writing 5:::{"name":"counter","args":[{"val":507}]}
Counting 508
Counting 509
debug: websocket writing 5:::{"name":"counter","args":[{"val":509}]}
Counting 510
debug: websocket writing 5:::{"name":"counter","args":[{"val":510}]}
Counting 511
Counting 512
debug: websocket writing 5:::{"name":"counter","args":[{"val":512}]}
Counting 513
debug: websocket writing 5:::{"name":"counter","args":[{"val":513}]}
Counting 514
Counting 515
debug: websocket writing 5:::{"name":"counter","args":[{"val":515}]}
Counting 516
debug: websocket writing 5:::{"name":"counter","args":[{"val":516}]}
Counting 517
Counting 518
debug: websocket writing 5:::{"name":"counter","args":[{"val":518}]}
Counting 519
debug: websocket writing 5:::{"name":"counter","args":[{"val":519}]}
Counting 520
Counting 521
debug: websocket writing 5:::{"name":"counter","args":[{"val":521}]}
Counting 522
debug: websocket writing 5:::{"name":"counter","args":[{"val":522}]}
Counting 523
Counting 524
debug: websocket writing 5:::{"name":"counter","args":[{"val":524}]}
